INFO:mpi_select_mock_targets:99:<module>: 164/240 pixels remaining to do
INFO:mpi_select_mock_targets:147:<module>: rank 0 processes 3 pixels [17404 17405 17975]
INFO:mpi_select_mock_targets:147:<module>: rank 8 processes 4 pixels [18031 18032 18036 18037]
INFO:mpi_select_mock_targets:147:<module>: rank 42 processes 4 pixels [19480 19481 19482 19484]
INFO:mpi_select_mock_targets:147:<module>: rank 27 processes 3 pixels [18147 18150 18151]
INFO:mpi_select_mock_targets:147:<module>: rank 1 processes 4 pixels [17979 17980 17983 17991]
INFO:mpi_select_mock_targets:147:<module>: rank 33 processes 4 pixels [18216 18217 18218 18219]
INFO:mpi_select_mock_targets:147:<module>: rank 16 processes 3 pixels [18089 18090 18093]
INFO:mpi_select_mock_targets:147:<module>: rank 9 processes 3 pixels [18038 18041 18042]
INFO:mpi_select_mock_targets:147:<module>: rank 43 processes 3 pixels [19485 19486 19487]
INFO:mpi_select_mock_targets:147:<module>: rank 28 processes 4 pixels [18152 18153 18155 18156]
INFO:mpi_select_mock_targets:147:<module>: rank 2 processes 3 pixels [17995 17998 17999]
INFO:mpi_select_mock_targets:147:<module>: rank 35 processes 4 pixels [18304 18305 18307 18308]
INFO:mpi_select_mock_targets:147:<module>: rank 10 processes 4 pixels [18043 18046 18047 18055]
INFO:mpi_select_mock_targets:147:<module>: rank 44 processes 4 pixels [19493 19494 19495 19504]
INFO:mpi_select_mock_targets:147:<module>: rank 29 processes 3 pixels [18157 18160 18161]
INFO:mpi_select_mock_targets:147:<module>: rank 3 processes 4 pixels [18000 18003 18004 18006]
INFO:mpi_select_mock_targets:147:<module>: rank 38 processes 4 pixels [19460 19461 19462 19463]
INFO:mpi_select_mock_targets:147:<module>: rank 11 processes 3 pixels [18061 18062 18063]
INFO:mpi_select_mock_targets:147:<module>: rank 39 processes 3 pixels [19465 19468 19469]
INFO:mpi_select_mock_targets:147:<module>: rank 24 processes 4 pixels [18131 18132 18134 18135]
INFO:mpi_select_mock_targets:147:<module>: rank 4 processes 3 pixels [18010 18011 18012]
INFO:mpi_select_mock_targets:147:<module>: rank 32 processes 3 pixels [18211 18212 18214]
INFO:mpi_select_mock_targets:147:<module>: rank 12 processes 4 pixels [18067 18068 18069 18072]
INFO:mpi_select_mock_targets:147:<module>: rank 40 processes 4 pixels [19470 19471 19473 19474]
INFO:mpi_select_mock_targets:147:<module>: rank 25 processes 3 pixels [18136 18140 18141]
INFO:mpi_select_mock_targets:147:<module>: rank 5 processes 4 pixels [18015 18016 18017 18020]
INFO:mpi_select_mock_targets:147:<module>: rank 34 processes 3 pixels [18221 18222 18223]
INFO:mpi_select_mock_targets:147:<module>: rank 13 processes 3 pixels [18073 18074 18077]
INFO:mpi_select_mock_targets:147:<module>: rank 41 processes 3 pixels [19475 19476 19479]
INFO:mpi_select_mock_targets:147:<module>: rank 26 processes 4 pixels [18142 18143 18145 18146]
INFO:mpi_select_mock_targets:147:<module>: rank 7 processes 4 pixels [18026 18027 18028 18030]
INFO:mpi_select_mock_targets:147:<module>: rank 36 processes 3 pixels [18772 18773 18775]
INFO:mpi_select_mock_targets:147:<module>: rank 14 processes 4 pixels [18078 18079 18080 18082]
INFO:mpi_select_mock_targets:147:<module>: rank 45 processes 4 pixels [19506 19507 19520 19521]
INFO:mpi_select_mock_targets:147:<module>: rank 30 processes 4 pixels [18162 18163 18184 18186]
INFO:mpi_select_mock_targets:147:<module>: rank 6 processes 3 pixels [18021 18022 18025]
INFO:mpi_select_mock_targets:147:<module>: rank 37 processes 4 pixels [19456 19457 19458 19459]
INFO:mpi_select_mock_targets:147:<module>: rank 15 processes 4 pixels [18083 18084 18087 18088]
INFO:mpi_select_mock_targets:158:<module>: Logging pixels [19470] to /global/homes/m/mjwilson/desi/survey-validation/svdc-spring2020f-onepercent/run/targets/194/19470/build-64-19470.log
INFO:mpi_select_mock_targets:147:<module>: rank 31 processes 4 pixels [18187 18190 18208 18210]
INFO:mpi_select_mock_targets:158:<module>: Logging pixels [17979] to /global/homes/m/mjwilson/desi/survey-validation/svdc-spring2020f-onepercent/run/targets/179/17979/build-64-17979.log
INFO:mpi_select_mock_targets:158:<module>: Logging pixels [18304] to /global/homes/m/mjwilson/desi/survey-validation/svdc-spring2020f-onepercent/run/targets/183/18304/build-64-18304.log
INFO:mpi_select_mock_targets:158:<module>: Logging pixels [18067] to /global/homes/m/mjwilson/desi/survey-validation/svdc-spring2020f-onepercent/run/targets/180/18067/build-64-18067.log
INFO:mpi_select_mock_targets:158:<module>: Logging pixels [19475] to /global/homes/m/mjwilson/desi/survey-validation/svdc-spring2020f-onepercent/run/targets/194/19475/build-64-19475.log
INFO:mpi_select_mock_targets:158:<module>: Logging pixels [18147] to /global/homes/m/mjwilson/desi/survey-validation/svdc-spring2020f-onepercent/run/targets/181/18147/build-64-18147.log
INFO:mpi_select_mock_targets:158:<module>: Logging pixels [17995] to /global/homes/m/mjwilson/desi/survey-validation/svdc-spring2020f-onepercent/run/targets/179/17995/build-64-17995.log
INFO:mpi_select_mock_targets:158:<module>: Logging pixels [18211] to /global/homes/m/mjwilson/desi/survey-validation/svdc-spring2020f-onepercent/run/targets/182/18211/build-64-18211.log
INFO:mpi_select_mock_targets:158:<module>: Logging pixels [18043] to /global/homes/m/mjwilson/desi/survey-validation/svdc-spring2020f-onepercent/run/targets/180/18043/build-64-18043.log
INFO:mpi_select_mock_targets:158:<module>: Logging pixels [19480] to /global/homes/m/mjwilson/desi/survey-validation/svdc-spring2020f-onepercent/run/targets/194/19480/build-64-19480.log
INFO:mpi_select_mock_targets:158:<module>: Logging pixels [18157] to /global/homes/m/mjwilson/desi/survey-validation/svdc-spring2020f-onepercent/run/targets/181/18157/build-64-18157.log
INFO:mpi_select_mock_targets:158:<module>: Logging pixels [18000] to /global/homes/m/mjwilson/desi/survey-validation/svdc-spring2020f-onepercent/run/targets/180/18000/build-64-18000.log
INFO:mpi_select_mock_targets:158:<module>: Logging pixels [18221] to /global/homes/m/mjwilson/desi/survey-validation/svdc-spring2020f-onepercent/run/targets/182/18221/build-64-18221.log
INFO:mpi_select_mock_targets:158:<module>: Logging pixels [18061] to /global/homes/m/mjwilson/desi/survey-validation/svdc-spring2020f-onepercent/run/targets/180/18061/build-64-18061.log
INFO:mpi_select_mock_targets:158:<module>: Logging pixels [19493] to /global/homes/m/mjwilson/desi/survey-validation/svdc-spring2020f-onepercent/run/targets/194/19493/build-64-19493.log
INFO:mpi_select_mock_targets:158:<module>: Logging pixels [18131] to /global/homes/m/mjwilson/desi/survey-validation/svdc-spring2020f-onepercent/run/targets/181/18131/build-64-18131.log
INFO:mpi_select_mock_targets:158:<module>: Logging pixels [18010] to /global/homes/m/mjwilson/desi/survey-validation/svdc-spring2020f-onepercent/run/targets/180/18010/build-64-18010.log
INFO:mpi_select_mock_targets:158:<module>: Logging pixels [18772] to /global/homes/m/mjwilson/desi/survey-validation/svdc-spring2020f-onepercent/run/targets/187/18772/build-64-18772.log
INFO:mpi_select_mock_targets:158:<module>: Logging pixels [18073] to /global/homes/m/mjwilson/desi/survey-validation/svdc-spring2020f-onepercent/run/targets/180/18073/build-64-18073.log
INFO:mpi_select_mock_targets:158:<module>: Logging pixels [19506] to /global/homes/m/mjwilson/desi/survey-validation/svdc-spring2020f-onepercent/run/targets/195/19506/build-64-19506.log
INFO:mpi_select_mock_targets:158:<module>: Logging pixels [18142] to /global/homes/m/mjwilson/desi/survey-validation/svdc-spring2020f-onepercent/run/targets/181/18142/build-64-18142.log
INFO:mpi_select_mock_targets:158:<module>: Logging pixels [18015] to /global/homes/m/mjwilson/desi/survey-validation/svdc-spring2020f-onepercent/run/targets/180/18015/build-64-18015.log
INFO:parallel.py:374:stdouterr_redirected: Begin log redirection to /global/homes/m/mjwilson/desi/survey-validation/svdc-spring2020f-onepercent/run/targets/180/18015/build-64-18015.log at Fri Apr 17 13:43:58 2020
INFO:mpi_select_mock_targets:158:<module>: Logging pixels [19456] to /global/homes/m/mjwilson/desi/survey-validation/svdc-spring2020f-onepercent/run/targets/194/19456/build-64-19456.log
INFO:mpi_select_mock_targets:158:<module>: Logging pixels [18031] to /global/homes/m/mjwilson/desi/survey-validation/svdc-spring2020f-onepercent/run/targets/180/18031/build-64-18031.log
INFO:mpi_select_mock_targets:158:<module>: Logging pixels [19465] to /global/homes/m/mjwilson/desi/survey-validation/svdc-spring2020f-onepercent/run/targets/194/19465/build-64-19465.log
INFO:mpi_select_mock_targets:158:<module>: Logging pixels [18152] to /global/homes/m/mjwilson/desi/survey-validation/svdc-spring2020f-onepercent/run/targets/181/18152/build-64-18152.log
INFO:mpi_select_mock_targets:158:<module>: Logging pixels [18021] to /global/homes/m/mjwilson/desi/survey-validation/svdc-spring2020f-onepercent/run/targets/180/18021/build-64-18021.log
INFO:mpi_select_mock_targets:158:<module>: Logging pixels [18216] to /global/homes/m/mjwilson/desi/survey-validation/svdc-spring2020f-onepercent/run/targets/182/18216/build-64-18216.log
INFO:mpi_select_mock_targets:158:<module>: Logging pixels [18038] to /global/homes/m/mjwilson/desi/survey-validation/svdc-spring2020f-onepercent/run/targets/180/18038/build-64-18038.log
INFO:mpi_select_mock_targets:158:<module>: Logging pixels [19485] to /global/homes/m/mjwilson/desi/survey-validation/svdc-spring2020f-onepercent/run/targets/194/19485/build-64-19485.log
INFO:mpi_select_mock_targets:158:<module>: Logging pixels [18162] to /global/homes/m/mjwilson/desi/survey-validation/svdc-spring2020f-onepercent/run/targets/181/18162/build-64-18162.log
INFO:mpi_select_mock_targets:158:<module>: Logging pixels [18026] to /global/homes/m/mjwilson/desi/survey-validation/svdc-spring2020f-onepercent/run/targets/180/18026/build-64-18026.log
INFO:parallel.py:374:stdouterr_redirected: Begin log redirection to /global/homes/m/mjwilson/desi/survey-validation/svdc-spring2020f-onepercent/run/targets/180/18026/build-64-18026.log at Fri Apr 17 13:43:58 2020
INFO:mpi_select_mock_targets:158:<module>: Logging pixels [19460] to /global/homes/m/mjwilson/desi/survey-validation/svdc-spring2020f-onepercent/run/targets/194/19460/build-64-19460.log
INFO:mpi_select_mock_targets:158:<module>: Logging pixels [18078] to /global/homes/m/mjwilson/desi/survey-validation/svdc-spring2020f-onepercent/run/targets/180/18078/build-64-18078.log
INFO:parallel.py:374:stdouterr_redirected: Begin log redirection to /global/homes/m/mjwilson/desi/survey-validation/svdc-spring2020f-onepercent/run/targets/194/19465/build-64-19465.log at Fri Apr 17 13:43:58 2020
INFO:mpi_select_mock_targets:158:<module>: Logging pixels [18187] to /global/homes/m/mjwilson/desi/survey-validation/svdc-spring2020f-onepercent/run/targets/181/18187/build-64-18187.log
INFO:mpi_select_mock_targets:158:<module>: Logging pixels [17404] to /global/homes/m/mjwilson/desi/survey-validation/svdc-spring2020f-onepercent/run/targets/174/17404/build-64-17404.log
INFO:parallel.py:374:stdouterr_redirected: Begin log redirection to /global/homes/m/mjwilson/desi/survey-validation/svdc-spring2020f-onepercent/run/targets/183/18304/build-64-18304.log at Fri Apr 17 13:43:58 2020
INFO:mpi_select_mock_targets:158:<module>: Logging pixels [18083] to /global/homes/m/mjwilson/desi/survey-validation/svdc-spring2020f-onepercent/run/targets/180/18083/build-64-18083.log
INFO:parallel.py:374:stdouterr_redirected: Begin log redirection to /global/homes/m/mjwilson/desi/survey-validation/svdc-spring2020f-onepercent/run/targets/194/19470/build-64-19470.log at Fri Apr 17 13:43:58 2020
INFO:parallel.py:374:stdouterr_redirected: Begin log redirection to /global/homes/m/mjwilson/desi/survey-validation/svdc-spring2020f-onepercent/run/targets/181/18147/build-64-18147.log at Fri Apr 17 13:43:58 2020
INFO:parallel.py:374:stdouterr_redirected: Begin log redirection to /global/homes/m/mjwilson/desi/survey-validation/svdc-spring2020f-onepercent/run/targets/179/17979/build-64-17979.log at Fri Apr 17 13:43:58 2020
INFO:parallel.py:374:stdouterr_redirected: Begin log redirection to /global/homes/m/mjwilson/desi/survey-validation/svdc-spring2020f-onepercent/run/targets/182/18211/build-64-18211.log at Fri Apr 17 13:43:58 2020
INFO:parallel.py:374:stdouterr_redirected: Begin log redirection to /global/homes/m/mjwilson/desi/survey-validation/svdc-spring2020f-onepercent/run/targets/180/18043/build-64-18043.log at Fri Apr 17 13:43:58 2020
INFO:parallel.py:374:stdouterr_redirected: Begin log redirection to /global/homes/m/mjwilson/desi/survey-validation/svdc-spring2020f-onepercent/run/targets/194/19475/build-64-19475.log at Fri Apr 17 13:43:58 2020
INFO:parallel.py:374:stdouterr_redirected: Begin log redirection to /global/homes/m/mjwilson/desi/survey-validation/svdc-spring2020f-onepercent/run/targets/181/18157/build-64-18157.log at Fri Apr 17 13:43:58 2020
INFO:parallel.py:374:stdouterr_redirected: Begin log redirection to /global/homes/m/mjwilson/desi/survey-validation/svdc-spring2020f-onepercent/run/targets/179/17995/build-64-17995.log at Fri Apr 17 13:43:58 2020
INFO:parallel.py:374:stdouterr_redirected: Begin log redirection to /global/homes/m/mjwilson/desi/survey-validation/svdc-spring2020f-onepercent/run/targets/182/18221/build-64-18221.log at Fri Apr 17 13:43:58 2020
INFO:parallel.py:374:stdouterr_redirected: Begin log redirection to /global/homes/m/mjwilson/desi/survey-validation/svdc-spring2020f-onepercent/run/targets/180/18067/build-64-18067.log at Fri Apr 17 13:43:58 2020
INFO:parallel.py:374:stdouterr_redirected: Begin log redirection to /global/homes/m/mjwilson/desi/survey-validation/svdc-spring2020f-onepercent/run/targets/194/19480/build-64-19480.log at Fri Apr 17 13:43:58 2020
INFO:parallel.py:374:stdouterr_redirected: Begin log redirection to /global/homes/m/mjwilson/desi/survey-validation/svdc-spring2020f-onepercent/run/targets/181/18131/build-64-18131.log at Fri Apr 17 13:43:58 2020
INFO:parallel.py:374:stdouterr_redirected: Begin log redirection to /global/homes/m/mjwilson/desi/survey-validation/svdc-spring2020f-onepercent/run/targets/180/18000/build-64-18000.log at Fri Apr 17 13:43:58 2020
INFO:parallel.py:374:stdouterr_redirected: Begin log redirection to /global/homes/m/mjwilson/desi/survey-validation/svdc-spring2020f-onepercent/run/targets/182/18216/build-64-18216.log at Fri Apr 17 13:43:58 2020
INFO:parallel.py:374:stdouterr_redirected: Begin log redirection to /global/homes/m/mjwilson/desi/survey-validation/svdc-spring2020f-onepercent/run/targets/180/18038/build-64-18038.log at Fri Apr 17 13:43:58 2020
INFO:parallel.py:374:stdouterr_redirected: Begin log redirection to /global/homes/m/mjwilson/desi/survey-validation/svdc-spring2020f-onepercent/run/targets/194/19485/build-64-19485.log at Fri Apr 17 13:43:58 2020
INFO:mpi_select_mock_targets:158:<module>: Logging pixels [18136] to /global/homes/m/mjwilson/desi/survey-validation/svdc-spring2020f-onepercent/run/targets/181/18136/build-64-18136.log
INFO:parallel.py:374:stdouterr_redirected: Begin log redirection to /global/homes/m/mjwilson/desi/survey-validation/svdc-spring2020f-onepercent/run/targets/180/18010/build-64-18010.log at Fri Apr 17 13:43:58 2020
INFO:parallel.py:374:stdouterr_redirected: Begin log redirection to /global/homes/m/mjwilson/desi/survey-validation/svdc-spring2020f-onepercent/run/targets/187/18772/build-64-18772.log at Fri Apr 17 13:43:58 2020
INFO:parallel.py:374:stdouterr_redirected: Begin log redirection to /global/homes/m/mjwilson/desi/survey-validation/svdc-spring2020f-onepercent/run/targets/180/18061/build-64-18061.log at Fri Apr 17 13:43:58 2020
INFO:parallel.py:374:stdouterr_redirected: Begin log redirection to /global/homes/m/mjwilson/desi/survey-validation/svdc-spring2020f-onepercent/run/targets/194/19493/build-64-19493.log at Fri Apr 17 13:43:58 2020
INFO:parallel.py:374:stdouterr_redirected: Begin log redirection to /global/homes/m/mjwilson/desi/survey-validation/svdc-spring2020f-onepercent/run/targets/181/18142/build-64-18142.log at Fri Apr 17 13:43:58 2020
INFO:parallel.py:374:stdouterr_redirected: Begin log redirection to /global/homes/m/mjwilson/desi/survey-validation/svdc-spring2020f-onepercent/run/targets/180/18021/build-64-18021.log at Fri Apr 17 13:43:58 2020
INFO:parallel.py:374:stdouterr_redirected: Begin log redirection to /global/homes/m/mjwilson/desi/survey-validation/svdc-spring2020f-onepercent/run/targets/194/19456/build-64-19456.log at Fri Apr 17 13:43:58 2020
INFO:parallel.py:374:stdouterr_redirected: Begin log redirection to /global/homes/m/mjwilson/desi/survey-validation/svdc-spring2020f-onepercent/run/targets/180/18073/build-64-18073.log at Fri Apr 17 13:43:58 2020
INFO:parallel.py:374:stdouterr_redirected: Begin log redirection to /global/homes/m/mjwilson/desi/survey-validation/svdc-spring2020f-onepercent/run/targets/195/19506/build-64-19506.log at Fri Apr 17 13:43:58 2020
INFO:parallel.py:374:stdouterr_redirected: Begin log redirection to /global/homes/m/mjwilson/desi/survey-validation/svdc-spring2020f-onepercent/run/targets/181/18152/build-64-18152.log at Fri Apr 17 13:43:58 2020
INFO:parallel.py:374:stdouterr_redirected: Begin log redirection to /global/homes/m/mjwilson/desi/survey-validation/svdc-spring2020f-onepercent/run/targets/174/17404/build-64-17404.log at Fri Apr 17 13:43:58 2020
INFO:parallel.py:374:stdouterr_redirected: Begin log redirection to /global/homes/m/mjwilson/desi/survey-validation/svdc-spring2020f-onepercent/run/targets/194/19460/build-64-19460.log at Fri Apr 17 13:43:58 2020
INFO:parallel.py:374:stdouterr_redirected: Begin log redirection to /global/homes/m/mjwilson/desi/survey-validation/svdc-spring2020f-onepercent/run/targets/180/18078/build-64-18078.log at Fri Apr 17 13:43:58 2020
INFO:parallel.py:374:stdouterr_redirected: Begin log redirection to /global/homes/m/mjwilson/desi/survey-validation/svdc-spring2020f-onepercent/run/targets/181/18162/build-64-18162.log at Fri Apr 17 13:43:58 2020
INFO:parallel.py:374:stdouterr_redirected: Begin log redirection to /global/homes/m/mjwilson/desi/survey-validation/svdc-spring2020f-onepercent/run/targets/180/18083/build-64-18083.log at Fri Apr 17 13:43:58 2020
INFO:parallel.py:374:stdouterr_redirected: Begin log redirection to /global/homes/m/mjwilson/desi/survey-validation/svdc-spring2020f-onepercent/run/targets/181/18187/build-64-18187.log at Fri Apr 17 13:43:58 2020
INFO:parallel.py:374:stdouterr_redirected: Begin log redirection to /global/homes/m/mjwilson/desi/survey-validation/svdc-spring2020f-onepercent/run/targets/180/18031/build-64-18031.log at Fri Apr 17 13:43:58 2020
INFO:parallel.py:374:stdouterr_redirected: Begin log redirection to /global/homes/m/mjwilson/desi/survey-validation/svdc-spring2020f-onepercent/run/targets/181/18136/build-64-18136.log at Fri Apr 17 13:43:58 2020
INFO:mpi_select_mock_targets:147:<module>: rank 18 processes 3 pixels [18100 18101 18103]
INFO:mpi_select_mock_targets:147:<module>: rank 20 processes 3 pixels [18110 18111 18114]
INFO:mpi_select_mock_targets:147:<module>: rank 22 processes 4 pixels [18121 18122 18124 18125]
INFO:mpi_select_mock_targets:147:<module>: rank 17 processes 4 pixels [18094 18095 18098 18099]
INFO:mpi_select_mock_targets:147:<module>: rank 19 processes 4 pixels [18104 18105 18108 18109]
INFO:mpi_select_mock_targets:147:<module>: rank 21 processes 4 pixels [18115 18116 18119 18120]
INFO:mpi_select_mock_targets:147:<module>: rank 23 processes 3 pixels [18126 18129 18130]
INFO:mpi_select_mock_targets:158:<module>: Logging pixels [18104] to /global/homes/m/mjwilson/desi/survey-validation/svdc-spring2020f-onepercent/run/targets/181/18104/build-64-18104.log
INFO:mpi_select_mock_targets:158:<module>: Logging pixels [18115] to /global/homes/m/mjwilson/desi/survey-validation/svdc-spring2020f-onepercent/run/targets/181/18115/build-64-18115.log
INFO:mpi_select_mock_targets:158:<module>: Logging pixels [18094] to /global/homes/m/mjwilson/desi/survey-validation/svdc-spring2020f-onepercent/run/targets/180/18094/build-64-18094.log
INFO:mpi_select_mock_targets:158:<module>: Logging pixels [18100] to /global/homes/m/mjwilson/desi/survey-validation/svdc-spring2020f-onepercent/run/targets/181/18100/build-64-18100.log
INFO:mpi_select_mock_targets:158:<module>: Logging pixels [18126] to /global/homes/m/mjwilson/desi/survey-validation/svdc-spring2020f-onepercent/run/targets/181/18126/build-64-18126.log
INFO:mpi_select_mock_targets:158:<module>: Logging pixels [18110] to /global/homes/m/mjwilson/desi/survey-validation/svdc-spring2020f-onepercent/run/targets/181/18110/build-64-18110.log
INFO:mpi_select_mock_targets:158:<module>: Logging pixels [18121] to /global/homes/m/mjwilson/desi/survey-validation/svdc-spring2020f-onepercent/run/targets/181/18121/build-64-18121.log
INFO:mpi_select_mock_targets:158:<module>: Logging pixels [18089] to /global/homes/m/mjwilson/desi/survey-validation/svdc-spring2020f-onepercent/run/targets/180/18089/build-64-18089.log
INFO:parallel.py:374:stdouterr_redirected: Begin log redirection to /global/homes/m/mjwilson/desi/survey-validation/svdc-spring2020f-onepercent/run/targets/181/18104/build-64-18104.log at Fri Apr 17 13:43:58 2020
INFO:parallel.py:374:stdouterr_redirected: Begin log redirection to /global/homes/m/mjwilson/desi/survey-validation/svdc-spring2020f-onepercent/run/targets/181/18115/build-64-18115.log at Fri Apr 17 13:43:58 2020
INFO:parallel.py:374:stdouterr_redirected: Begin log redirection to /global/homes/m/mjwilson/desi/survey-validation/svdc-spring2020f-onepercent/run/targets/180/18094/build-64-18094.log at Fri Apr 17 13:43:58 2020
INFO:parallel.py:374:stdouterr_redirected: Begin log redirection to /global/homes/m/mjwilson/desi/survey-validation/svdc-spring2020f-onepercent/run/targets/181/18100/build-64-18100.log at Fri Apr 17 13:43:58 2020
INFO:parallel.py:374:stdouterr_redirected: Begin log redirection to /global/homes/m/mjwilson/desi/survey-validation/svdc-spring2020f-onepercent/run/targets/181/18110/build-64-18110.log at Fri Apr 17 13:43:58 2020
INFO:parallel.py:374:stdouterr_redirected: Begin log redirection to /global/homes/m/mjwilson/desi/survey-validation/svdc-spring2020f-onepercent/run/targets/181/18126/build-64-18126.log at Fri Apr 17 13:43:58 2020
INFO:parallel.py:374:stdouterr_redirected: Begin log redirection to /global/homes/m/mjwilson/desi/survey-validation/svdc-spring2020f-onepercent/run/targets/180/18089/build-64-18089.log at Fri Apr 17 13:43:58 2020
INFO:parallel.py:374:stdouterr_redirected: Begin log redirection to /global/homes/m/mjwilson/desi/survey-validation/svdc-spring2020f-onepercent/run/targets/181/18121/build-64-18121.log at Fri Apr 17 13:43:58 2020
slurmstepd: error: *** STEP 29783409.0 ON nid00612 CANCELLED AT 2020-04-17T14:12:57 DUE TO TIME LIMIT ***
srun: Job step aborted: Waiting up to 32 seconds for job step to finish.
srun: got SIGCONT
srun: forcing job termination
